[backblue.gif]
[fade.gif]
[index.html]
[localhost/wp-content/plugins/mesmerize-companion/theme-data/mesmerize/assets/js/libs/hammer0504.js]
[localhost/wp-content/plugins/mesmerize-companion/theme-data/mesmerize/assets/js/libs/modernizr0504.js]
[localhost/wp-includes/js/jquery/jqueryb8ff.js]
[localhost/wp-includes/js/jquery/jquery-migrate.min330a.js]
[localhost/wp-content/plugins/mesmerize-companion/theme-data/mesmerize/assets/js/HoverFX0504.js]
[localhost/wp-content/plugins/mesmerize-companion/theme-data/mesmerize/assets/js/countup0504.js]
[localhost/wp-content/plugins/mesmerize-companion/theme-data/mesmerize/sections/scripts0504.js]
[localhost/xmlrpc0db0.php]
[localhost/wp-includes/wlwmanifest.xml]
[localhost/wp-content/uploads/2017/12/HKP-GAS.png]
[localhost/wp-content/uploads/2017/12/img1.jpg]
[localhost/wp-content/uploads/2017/12/ind-rox-downstream-l008-accurateflowregimes-data-46164.jpg]
[localhost/wp-content/uploads/2017/12/natural-gas-777x400.jpg]
[localhost/wp-content/uploads/2017/12/Dubai_Expo_2020_Logo.png]
[localhost/wp-content/plugins/contact-form-7/includes/js/scripts20fd.js]
[localhost/wp-includes/js/jquery/ui/effect.mine899.js]
[localhost/wp-content/themes/mesmerize/assets/js/smoothscroll.minc358.js]
[localhost/wp-includes/js/jquery/ui/effect-slide.mine899.js]
[localhost/wp-content/themes/mesmerize/assets/js/drop_menu_selection.minc358.js]
[localhost/wp-content/themes/mesmerize/assets/js/kube.minc358.js]
[localhost/wp-content/themes/mesmerize/assets/js/libs/fixto.minc358.js]
[localhost/wp-content/themes/mesmerize/assets/js/stickyc358.js]
[localhost/wp-includes/js/imagesloaded.min55a0.js]
[localhost/wp-includes/js/masonry.mind617.js]
[localhost/wp-includes/js/comment-reply.min5859.js]
[localhost/wp-content/themes/mesmerize/assets/js/themec358.js]
[localhost/wp-includes/js/wp-embed.min5859.js]
[localhost/index.html]
[localhost/feed/index.html]
[localhost/comments/feed/index.html]
[localhost/wp-content/themes/mesmerize/stylec358.css]
[localhost/wp-content/plugins/mesmerize-companion/theme-data/mesmerize/assets/css/common0504.css]
[localhost/wp-content/plugins/mesmerize-companion/theme-data/mesmerize/sections/images/mockup-863469.jpg]
[localhost/wp-content/plugins/mesmerize-companion/theme-data/mesmerize/sections/images/apple-1838564.jpg]
[localhost/wp-content/plugins/mesmerize-companion/theme-data/mesmerize/sections/content0504.css]
[localhost/wp-content/plugins/contact-form-7/images/ajax-loader.gif]
[localhost/wp-content/plugins/contact-form-7/includes/css/styles20fd.css]
[localhost/wp-content/themes/mesmerize/assets/fonts/fontawesome-webfont3e6e.eot]
[localhost/wp-content/themes/mesmerize/assets/fonts/fontawesome-webfontd41d.eot]
[localhost/wp-content/themes/mesmerize/assets/fonts/fontawesome-webfont3e6e.woff]
[localhost/wp-content/themes/mesmerize/assets/fonts/fontawesome-webfont3e6e.ttf]
[localhost/wp-content/themes/mesmerize/assets/font-awesome/font-awesome.minc358.css]
[localhost/wp-content/themes/mesmerize/assets/css/animate.minc358.css]
[localhost/wp-content/themes/mesmerize/assets/css/webgradients.minc358.css]
[localhost/wp-content/themes/mesmerize/customizer/kirki/assets/css/kirki-styles.css]
[localhost/wp-json/index.html]
[localhost/wp-json/oembed/1.0/embed1408.html]
[localhost/wp-json/oembed/1.0/embed7e56.html]
[localhost/_http_/localhost/wp-content/uploads/2017/12/Oil-Gas-Pipelines-Refineries.html]
[localhost/wp-content/themes/mesmerize/assets/fonts/fontawesome-webfont3e6e.html]
[localhost/wp-content/themes/mesmerize/assets/fonts/fontawesome-webfont3e6e.svg]
